<?xml version="1.0" encoding="UTF-8"?>
<!-- Generated by org.testng.reporters.JUnitXMLReporter -->
<testsuite ignored="0" hostname="LAPTOP-52I7J3D0" failures="0" tests="16" name="Test" time="0.051" errors="0" timestamp="2021-09-02T09:34:10 EDT">
  <testcase classname="test1.MyTestNG1" name="testcase1" time="0.004"/>
  <testcase classname="test1.MyTestNG2" name="testcase2" time="0.001"/>
  <testcase classname="test1.MyTestNG2" name="testcase1" time="0.001"/>
  <testcase classname="test1.DataProviderTest" name="test2" time="0.001"/>
  <testcase classname="test1.DataProviderTest" name="test2" time="0.0"/>
  <testcase classname="test1.DataProviderTest" name="test2" time="0.0"/>
  <testcase classname="test2.TestNG" name="test1" time="0.001"/>
  <testcase classname="test2.TestNG" name="test2" time="0.001"/>
  <testcase classname="test2.TestNG" name="test3" time="0.001"/>
  <testcase classname="test2.TestNG" name="test4" time="0.001"/>
  <testcase classname="test2.TestNG" name="test5" time="0.001"/>
  <testcase classname="test2.TestNGClass" name="test1" time="0.001"/>
  <testcase classname="test2.TestNGClass" name="test2" time="0.001"/>
  <testcase classname="test2.TestNGClass" name="test3" time="0.0"/>
  <testcase classname="test2.TestNGClass" name="test4" time="0.0"/>
  <testcase classname="test2.TestNGClass" name="test5" time="0.0"/>
</testsuite> <!-- Test -->
