<?xml version="1.0" encoding="UTF-8"?>
<!-- Generated by org.testng.reporters.JUnitXMLReporter -->
<testsuite ignored="0" hostname="LAPTOP-52I7J3D0" failures="0" tests="3" name="Default test" time="0.032" errors="0" timestamp="2021-09-02T07:21:27 EDT">
  <testcase classname="test1.DataProvider" name="test1" time="0.004"/>
  <testcase classname="test1.DataProvider" name="test1" time="0.001"/>
  <testcase classname="test1.DataProvider" name="test1" time="0.001"/>
</testsuite> <!-- Default test -->
